<!DOCTYPE html>
<html>
<head>
<meta http-equiv="Content-Type" content="text/html; charset=utf-8"/>
<meta http-equiv="x-ua-compatible" content="IE=edge"/>
<title>Test results - AuthorizationTest</title>
<link href="../css/base-style.css" rel="stylesheet" type="text/css"/>
<link href="../css/style.css" rel="stylesheet" type="text/css"/>
<script src="../js/report.js" type="text/javascript"></script>
</head>
<body>
<div id="content">
<h1>AuthorizationTest</h1>
<div class="breadcrumbs">
<a href="../index.html">all</a> &gt; 
<a href="../packages/com.ulashchick.podcast.grpc.html">com.ulashchick.podcast.grpc</a> &gt; AuthorizationTest</div>
<div id="summary">
<table>
<tr>
<td>
<div class="summaryGroup">
<table>
<tr>
<td>
<div class="infoBox" id="tests">
<div class="counter">2</div>
<p>tests</p>
</div>
</td>
<td>
<div class="infoBox" id="failures">
<div class="counter">0</div>
<p>failures</p>
</div>
</td>
<td>
<div class="infoBox" id="ignored">
<div class="counter">0</div>
<p>ignored</p>
</div>
</td>
<td>
<div class="infoBox" id="duration">
<div class="counter">55.454s</div>
<p>duration</p>
</div>
</td>
</tr>
</table>
</div>
</td>
<td>
<div class="infoBox success" id="successRate">
<div class="percent">100%</div>
<p>successful</p>
</div>
</td>
</tr>
</table>
</div>
<div id="tabs">
<ul class="tabLinks">
<li>
<a href="#tab0">Tests</a>
</li>
<li>
<a href="#tab1">Standard output</a>
</li>
<li>
<a href="#tab2">Standard error</a>
</li>
</ul>
<div id="tab0" class="tab">
<h2>Tests</h2>
<table>
<thead>
<tr>
<th>Test</th>
<th>Duration</th>
<th>Result</th>
</tr>
</thead>
<tr>
<td class="success">testGettingListOfSubscriptionsWhenAuthorized()</td>
<td class="success">38.248s</td>
<td class="success">passed</td>
</tr>
<tr>
<td class="success">testPodcastServiceDoesNotWorkWithoutAuth()</td>
<td class="success">17.206s</td>
<td class="success">passed</td>
</tr>
</table>
</div>
<div id="tab1" class="tab">
<h2>Standard output</h2>
<span class="code">
<pre>01:10:32.961 [ForkJoinPool-1-worker-3] INFO  com.datastax.oss.driver.api.core.uuid.Uuids - PID obtained through native call to getpid(): 1966
01:10:33.452 [ForkJoinPool-1-worker-3] INFO  com.ulashchick.podcast.testing.TestListener - Test started
01:10:33.533 [ForkJoinPool-1-worker-3] WARN  org.testcontainers.utility.TestcontainersConfiguration - Attempted to read Testcontainers configuration file at file:/home/runner/.testcontainers.properties but the file was not found. Exception message: FileNotFoundException: /home/runner/.testcontainers.properties (No such file or directory)
01:10:34.716 [ForkJoinPool-1-worker-3] INFO  org.testcontainers.dockerclient.DockerClientProviderStrategy - Found Docker environment with local Unix socket (unix:///var/run/docker.sock)
01:10:34.728 [ForkJoinPool-1-worker-3] INFO  org.testcontainers.DockerClientFactory - Docker host IP address is localhost
01:10:34.761 [ForkJoinPool-1-worker-3] INFO  org.testcontainers.DockerClientFactory - Connected to docker: 
  Server Version: 20.10.11+azure-3
  API Version: 1.41
  Operating System: Ubuntu 20.04.3 LTS
  Total Memory: 6947 MB
01:10:34.768 [ForkJoinPool-1-worker-3] INFO  org.testcontainers.utility.ImageNameSubstitutor - Image name substitution will be performed by: DefaultImageNameSubstitutor (composite of 'ConfigurationFileImageNameSubstitutor' and 'PrefixingImageNameSubstitutor')
01:10:35.228 [docker-java-stream--975636617] INFO  org.testcontainers.DockerClientFactory - Starting to pull image
01:10:35.323 [docker-java-stream--975636617] INFO  org.testcontainers.DockerClientFactory - Pulling image layers:  0 pending,  0 downloaded,  0 extracted, (0 bytes/0 bytes)
01:10:35.388 [docker-java-stream--975636617] INFO  org.testcontainers.DockerClientFactory - Pulling image layers:  2 pending,  1 downloaded,  0 extracted, (57 KB/? MB)
01:10:35.433 [docker-java-stream--975636617] INFO  org.testcontainers.DockerClientFactory - Pulling image layers:  1 pending,  2 downloaded,  0 extracted, (57 KB/? MB)
01:10:35.459 [docker-java-stream--975636617] INFO  org.testcontainers.DockerClientFactory - Pulling image layers:  0 pending,  3 downloaded,  0 extracted, (60 KB/5 MB)
01:10:35.704 [docker-java-stream--975636617] INFO  org.testcontainers.DockerClientFactory - Pulling image layers:  0 pending,  3 downloaded,  1 extracted, (2 MB/5 MB)
01:10:36.642 [docker-java-stream--975636617] INFO  org.testcontainers.DockerClientFactory - Pulling image layers:  0 pending,  3 downloaded,  2 extracted, (2 MB/5 MB)
01:10:36.884 [docker-java-stream--975636617] INFO  org.testcontainers.DockerClientFactory - Pulling image layers:  0 pending,  3 downloaded,  3 extracted, (5 MB/5 MB)
01:10:36.890 [docker-java-stream--975636617] INFO  org.testcontainers.DockerClientFactory - Pull complete. 3 layers, pulled in 1s (downloaded 5 MB at 5 MB/s)
01:10:37.951 [ForkJoinPool-1-worker-3] INFO  org.testcontainers.DockerClientFactory - Ryuk started - will monitor and terminate Testcontainers containers on JVM exit
01:10:37.951 [ForkJoinPool-1-worker-3] INFO  org.testcontainers.DockerClientFactory - Checking the system...
01:10:37.953 [ForkJoinPool-1-worker-3] INFO  org.testcontainers.DockerClientFactory - ✔︎ Docker server version should be at least 1.6.0
01:10:38.099 [ForkJoinPool-1-worker-3] INFO  org.testcontainers.DockerClientFactory - ✔︎ Docker environment should have more than 2GB free disk space
01:10:38.153 [ForkJoinPool-1-worker-3] INFO  &#x1f433; [cassandra:latest] - Pulling docker image: cassandra:latest. Please be patient; this may take some time but only needs to be done once.
01:10:38.419 [docker-java-stream-1006440974] INFO  &#x1f433; [cassandra:latest] - Starting to pull image
01:10:38.421 [docker-java-stream-1006440974] INFO  &#x1f433; [cassandra:latest] - Pulling image layers:  0 pending,  0 downloaded,  0 extracted, (0 bytes/0 bytes)
01:10:39.069 [docker-java-stream-1006440974] INFO  &#x1f433; [cassandra:latest] - Pulling image layers:  8 pending,  1 downloaded,  0 extracted, (63 MB/? MB)
01:10:39.078 [docker-java-stream-1006440974] INFO  &#x1f433; [cassandra:latest] - Pulling image layers:  7 pending,  2 downloaded,  0 extracted, (68 MB/? MB)
01:10:39.179 [docker-java-stream-1006440974] INFO  &#x1f433; [cassandra:latest] - Pulling image layers:  6 pending,  3 downloaded,  0 extracted, (68 MB/? MB)
01:10:39.185 [docker-java-stream-1006440974] INFO  &#x1f433; [cassandra:latest] - Pulling image layers:  5 pending,  4 downloaded,  0 extracted, (77 MB/? MB)
01:10:39.344 [docker-java-stream-1006440974] INFO  &#x1f433; [cassandra:latest] - Pulling image layers:  4 pending,  5 downloaded,  0 extracted, (83 MB/? MB)
01:10:39.393 [docker-java-stream-1006440974] INFO  &#x1f433; [cassandra:latest] - Pulling image layers:  3 pending,  6 downloaded,  0 extracted, (83 MB/? MB)
01:10:39.398 [docker-java-stream-1006440974] INFO  &#x1f433; [cassandra:latest] - Pulling image layers:  2 pending,  7 downloaded,  0 extracted, (83 MB/? MB)
01:10:39.501 [docker-java-stream-1006440974] INFO  &#x1f433; [cassandra:latest] - Pulling image layers:  1 pending,  8 downloaded,  0 extracted, (84 MB/? MB)
01:10:40.199 [docker-java-stream-1006440974] INFO  &#x1f433; [cassandra:latest] - Pulling image layers:  0 pending,  9 downloaded,  0 extracted, (130 MB/142 MB)
01:10:41.654 [docker-java-stream-1006440974] INFO  &#x1f433; [cassandra:latest] - Pulling image layers:  0 pending,  9 downloaded,  1 extracted, (132 MB/142 MB)
01:10:43.888 [docker-java-stream-1006440974] INFO  &#x1f433; [cassandra:latest] - Pulling image layers:  0 pending,  9 downloaded,  2 extracted, (133 MB/142 MB)
01:10:45.635 [docker-java-stream-1006440974] INFO  &#x1f433; [cassandra:latest] - Pulling image layers:  0 pending,  9 downloaded,  3 extracted, (138 MB/142 MB)
01:10:45.705 [docker-java-stream-1006440974] INFO  &#x1f433; [cassandra:latest] - Pulling image layers:  0 pending,  9 downloaded,  4 extracted, (138 MB/142 MB)
01:10:45.774 [docker-java-stream-1006440974] INFO  &#x1f433; [cassandra:latest] - Pulling image layers:  0 pending,  9 downloaded,  5 extracted, (138 MB/142 MB)
01:10:45.948 [docker-java-stream-1006440974] INFO  &#x1f433; [cassandra:latest] - Pulling image layers:  0 pending,  9 downloaded,  6 extracted, (140 MB/142 MB)
01:10:46.078 [docker-java-stream-1006440974] INFO  &#x1f433; [cassandra:latest] - Pulling image layers:  0 pending,  9 downloaded,  7 extracted, (141 MB/142 MB)
01:10:46.984 [docker-java-stream-1006440974] INFO  &#x1f433; [cassandra:latest] - Pulling image layers:  0 pending,  9 downloaded,  8 extracted, (142 MB/142 MB)
01:10:47.050 [docker-java-stream-1006440974] INFO  &#x1f433; [cassandra:latest] - Pulling image layers:  0 pending,  9 downloaded,  9 extracted, (142 MB/142 MB)
01:10:47.073 [docker-java-stream-1006440974] INFO  &#x1f433; [cassandra:latest] - Pull complete. 9 layers, pulled in 8s (downloaded 142 MB at 17 MB/s)
01:10:47.127 [ForkJoinPool-1-worker-3] INFO  &#x1f433; [cassandra:latest] - Creating container for image: cassandra:latest
01:10:47.230 [ForkJoinPool-1-worker-3] INFO  &#x1f433; [cassandra:latest] - Container cassandra:latest is starting: e83cdb02252723f79017d3d4e1f311c91e4def1ec9026360b75ece73c0c5ceb4
01:10:59.210 [ForkJoinPool-1-worker-3] INFO  &#x1f433; [cassandra:latest] - Container cassandra:latest started in PT21.096966S
01:11:00.238 [ForkJoinPool-1-worker-3] INFO  org.reflections.Reflections - Reflections took 195 ms to scan 2 urls, producing 7 keys and 13 values
01:11:00.302 [ForkJoinPool-1-worker-3] INFO  com.ulashchick.podcast.common.ApplicationServerBuilder - Binding GrpcService: com.ulashchick.podcast.grpc.AuthService
01:11:00.488 [ForkJoinPool-1-worker-3] INFO  com.ulashchick.podcast.common.ApplicationServerBuilder - Binding GrpcService: com.ulashchick.podcast.grpc.PodcastService
01:11:00.577 [ForkJoinPool-1-worker-3] INFO  com.ulashchick.podcast.common.ApplicationServerBuilder - Binding GrpcService: com.ulashchick.podcast.grpc.EchoService
01:11:00.695 [ForkJoinPool-1-worker-3] INFO  org.reflections.Reflections - Reflections took 91 ms to scan 2 urls, producing 7 keys and 60 values
01:11:00.701 [ForkJoinPool-1-worker-3] INFO  com.ulashchick.podcast.common.ApplicationServerBuilder - Environment: test
01:11:00.701 [ForkJoinPool-1-worker-3] INFO  com.ulashchick.podcast.common.persistance.CassandraClient - Initializing cassandra session without keyspace
01:11:02.097 [ForkJoinPool-1-worker-3] INFO  com.datastax.oss.driver.internal.core.DefaultMavenCoordinates - DataStax Java driver for Apache Cassandra(R) (com.datastax.oss:java-driver-core) version 4.13.0
01:11:03.076 [s0-admin-0] INFO  com.datastax.oss.driver.internal.core.time.Clock - Using native clock for microsecond precision
01:11:05.432 [ForkJoinPool-1-worker-3] INFO  com.ulashchick.podcast.common.persistance.CassandraSession - Connected to Cassandra cluster [localhost/127.0.0.1:49156]
01:11:05.432 [ForkJoinPool-1-worker-3] INFO  com.ulashchick.podcast.common.persistance.CassandraClient - Installing schema
01:11:05.434 [ForkJoinPool-1-worker-3] INFO  org.reflections.Reflections - Reflections took 1 ms to scan 1 urls, producing 4 keys and 4 values
01:11:05.450 [ForkJoinPool-1-worker-3] INFO  com.ulashchick.podcast.common.config.ConfigService - Loading: test/cql-init/001-create-keyspace.cql
01:11:05.465 [ForkJoinPool-1-worker-3] INFO  com.ulashchick.podcast.common.config.ConfigService - Loading: test/cql-init/002-use-keyspace.cql
01:11:05.468 [ForkJoinPool-1-worker-3] INFO  com.ulashchick.podcast.common.config.ConfigService - Loading: test/cql-init/003-create-user-by-email-table.cql
01:11:05.469 [ForkJoinPool-1-worker-3] INFO  com.ulashchick.podcast.common.config.ConfigService - Loading: test/cql-init/004-create-subscriptions-by-user.cql
01:11:05.471 [ForkJoinPool-1-worker-3] INFO  com.ulashchick.podcast.common.persistance.CassandraClient - Executing: 
create keyspace if not exists podcast
    with replication = {'class' : 'SimpleStrategy', 'replication_factor' : 1 }
     and durable_writes = true;

01:11:06.818 [ForkJoinPool-1-worker-3] INFO  com.ulashchick.podcast.common.persistance.CassandraClient - Executing: 
use podcast;

01:11:06.829 [s0-io-3] WARN  com.datastax.oss.driver.internal.core.session.PoolManager - [s0] Detected a keyspace change at runtime (&lt;none&gt; =&gt; podcast). This is an anti-pattern that should be avoided in production (see 'advanced.request.warn-if-set-keyspace' in the configuration).
01:11:06.848 [ForkJoinPool-1-worker-3] INFO  com.ulashchick.podcast.common.persistance.CassandraClient - Executing: 
create table if not exists users_by_email
(
    email      varchar primary key,
    id         timeuuid,
    firstName  varchar,
    lastName   varchar,
    imageUrl   varchar
);

01:11:08.156 [ForkJoinPool-1-worker-3] INFO  com.ulashchick.podcast.common.persistance.CassandraClient - Executing: 
create table if not exists subscriptions_by_user
(
    userId timeuuid,
    feedId bigint,
    primary key ((userId), feedId)
);
01:11:09.357 [ForkJoinPool-1-worker-3] INFO  com.ulashchick.podcast.common.persistance.CassandraClient - Schema installed. Re-initializing cassandra session
01:11:09.358 [ForkJoinPool-1-worker-3] INFO  com.ulashchick.podcast.common.persistance.CassandraSession - Re-initializing session.
01:11:09.410 [s1-admin-0] INFO  com.datastax.oss.driver.internal.core.time.Clock - Using native clock for microsecond precision
01:11:09.598 [ForkJoinPool-1-worker-3] INFO  com.ulashchick.podcast.common.persistance.CassandraSession - Connected to Cassandra cluster [localhost/127.0.0.1:49156]
01:11:09.642 [ForkJoinPool-1-worker-3] INFO  com.ulashchick.podcast.common.persistance.CassandraClient - Executing INSERT INTO subscriptions_by_user (userid,feedid) VALUES (e9abad20-887b-11ec-adae-37b822773259,123456) IF NOT EXISTS with CL LOCAL_QUORUM/LOCAL_SERIAL
01:11:11.067 [pool-3-thread-2] INFO  com.ulashchick.podcast.common.persistance.CassandraClient - Executing SELECT feedid FROM subscriptions_by_user WHERE userid=e9abad20-887b-11ec-adae-37b822773259 with CL LOCAL_QUORUM/LOCAL_SERIAL
01:11:11.687 [ForkJoinPool-1-worker-3] INFO  com.ulashchick.podcast.testing.TestListener - Test finished: SUCCESSFUL
01:11:11.714 [ForkJoinPool-1-worker-3] INFO  com.ulashchick.podcast.testing.TestListener - Test started
01:11:11.717 [ForkJoinPool-1-worker-3] INFO  &#x1f433; [cassandra:latest] - Creating container for image: cassandra:latest
01:11:11.770 [ForkJoinPool-1-worker-3] INFO  &#x1f433; [cassandra:latest] - Container cassandra:latest is starting: 65ee1fe48a8a57f1fd72cfd579b6688ac9d5bb9829e67265cf71317fd962b0f7
01:11:12.426 [s1-admin-0] WARN  com.datastax.oss.driver.internal.core.pool.ChannelPool - [s1|localhost/127.0.0.1:49156]  Error while opening new channel (ConnectionInitException: [s1|connecting...] Protocol initialization request, step 1 (STARTUP {CQL_VERSION=3.0.0, DRIVER_NAME=DataStax Java driver for Apache Cassandra(R), DRIVER_VERSION=4.13.0, CLIENT_ID=d8ac2847-de73-46e6-9e45-52b73425e422}): failed to send request (io.netty.channel.StacklessClosedChannelException))
01:11:12.427 [s0-admin-0] WARN  com.datastax.oss.driver.internal.core.pool.ChannelPool - [s0|localhost/127.0.0.1:49156]  Error while opening new channel (ConnectionInitException: [s0|connecting...] Protocol initialization request, step 1 (STARTUP {CQL_VERSION=3.0.0, DRIVER_NAME=DataStax Java driver for Apache Cassandra(R), DRIVER_VERSION=4.13.0, CLIENT_ID=1c5e2675-d40f-4a44-aaf8-bb8cc42a6222}): failed to send request (io.netty.channel.StacklessClosedChannelException))
01:11:14.352 [s0-admin-0] WARN  com.datastax.oss.driver.internal.core.pool.ChannelPool - [s0|localhost/127.0.0.1:49156]  Error while opening new channel (ConnectionInitException: [s0|connecting...] Protocol initialization request, step 1 (STARTUP {CQL_VERSION=3.0.0, DRIVER_NAME=DataStax Java driver for Apache Cassandra(R), DRIVER_VERSION=4.13.0, CLIENT_ID=1c5e2675-d40f-4a44-aaf8-bb8cc42a6222}): failed to send request (io.netty.channel.StacklessClosedChannelException))
01:11:14.649 [s1-admin-0] WARN  com.datastax.oss.driver.internal.core.pool.ChannelPool - [s1|localhost/127.0.0.1:49156]  Error while opening new channel (ConnectionInitException: [s1|connecting...] Protocol initialization request, step 1 (STARTUP {CQL_VERSION=3.0.0, DRIVER_NAME=DataStax Java driver for Apache Cassandra(R), DRIVER_VERSION=4.13.0, CLIENT_ID=d8ac2847-de73-46e6-9e45-52b73425e422}): failed to send request (io.netty.channel.StacklessClosedChannelException))
01:11:18.236 [s0-admin-0] WARN  com.datastax.oss.driver.internal.core.pool.ChannelPool - [s0|localhost/127.0.0.1:49156]  Error while opening new channel (ConnectionInitException: [s0|connecting...] Protocol initialization request, step 1 (STARTUP {CQL_VERSION=3.0.0, DRIVER_NAME=DataStax Java driver for Apache Cassandra(R), DRIVER_VERSION=4.13.0, CLIENT_ID=1c5e2675-d40f-4a44-aaf8-bb8cc42a6222}): failed to send request (io.netty.channel.StacklessClosedChannelException))
01:11:18.852 [s1-admin-0] WARN  com.datastax.oss.driver.internal.core.pool.ChannelPool - [s1|localhost/127.0.0.1:49156]  Error while opening new channel (ConnectionInitException: [s1|connecting...] Protocol initialization request, step 1 (STARTUP {CQL_VERSION=3.0.0, DRIVER_NAME=DataStax Java driver for Apache Cassandra(R), DRIVER_VERSION=4.13.0, CLIENT_ID=d8ac2847-de73-46e6-9e45-52b73425e422}): failed to send request (io.netty.channel.StacklessClosedChannelException))
01:11:23.592 [ForkJoinPool-1-worker-3] INFO  &#x1f433; [cassandra:latest] - Container cassandra:latest started in PT11.875564S
01:11:23.632 [ForkJoinPool-1-worker-3] INFO  org.reflections.Reflections - Reflections took 12 ms to scan 2 urls, producing 7 keys and 13 values
01:11:23.636 [ForkJoinPool-1-worker-3] INFO  com.ulashchick.podcast.common.ApplicationServerBuilder - Binding GrpcService: com.ulashchick.podcast.grpc.AuthService
01:11:23.637 [ForkJoinPool-1-worker-3] INFO  com.ulashchick.podcast.common.ApplicationServerBuilder - Binding GrpcService: com.ulashchick.podcast.grpc.PodcastService
01:11:23.640 [ForkJoinPool-1-worker-3] INFO  com.ulashchick.podcast.common.ApplicationServerBuilder - Binding GrpcService: com.ulashchick.podcast.grpc.EchoService
01:11:23.678 [ForkJoinPool-1-worker-3] INFO  org.reflections.Reflections - Reflections took 37 ms to scan 2 urls, producing 7 keys and 60 values
01:11:23.679 [ForkJoinPool-1-worker-3] INFO  com.ulashchick.podcast.common.ApplicationServerBuilder - Environment: test
01:11:23.682 [ForkJoinPool-1-worker-3] INFO  com.ulashchick.podcast.common.persistance.CassandraClient - Initializing cassandra session without keyspace
01:11:23.760 [s2-admin-0] INFO  com.datastax.oss.driver.internal.core.time.Clock - Using native clock for microsecond precision
01:11:24.298 [ForkJoinPool-1-worker-3] INFO  com.ulashchick.podcast.common.persistance.CassandraSession - Connected to Cassandra cluster [localhost/127.0.0.1:49157]
01:11:24.299 [ForkJoinPool-1-worker-3] INFO  com.ulashchick.podcast.common.persistance.CassandraClient - Installing schema
01:11:24.300 [ForkJoinPool-1-worker-3] INFO  org.reflections.Reflections - Reflections took 1 ms to scan 1 urls, producing 4 keys and 4 values
01:11:24.300 [ForkJoinPool-1-worker-3] INFO  com.ulashchick.podcast.common.config.ConfigService - Loading: test/cql-init/001-create-keyspace.cql
01:11:24.300 [ForkJoinPool-1-worker-3] INFO  com.ulashchick.podcast.common.config.ConfigService - Loading: test/cql-init/002-use-keyspace.cql
01:11:24.302 [ForkJoinPool-1-worker-3] INFO  com.ulashchick.podcast.common.config.ConfigService - Loading: test/cql-init/003-create-user-by-email-table.cql
01:11:24.303 [ForkJoinPool-1-worker-3] INFO  com.ulashchick.podcast.common.config.ConfigService - Loading: test/cql-init/004-create-subscriptions-by-user.cql
01:11:24.303 [ForkJoinPool-1-worker-3] INFO  com.ulashchick.podcast.common.persistance.CassandraClient - Executing: 
create keyspace if not exists podcast
    with replication = {'class' : 'SimpleStrategy', 'replication_factor' : 1 }
     and durable_writes = true;

01:11:25.119 [s0-admin-0] WARN  com.datastax.oss.driver.internal.core.pool.ChannelPool - [s0|localhost/127.0.0.1:49156]  Error while opening new channel (ConnectionInitException: [s0|connecting...] Protocol initialization request, step 1 (STARTUP {CQL_VERSION=3.0.0, DRIVER_NAME=DataStax Java driver for Apache Cassandra(R), DRIVER_VERSION=4.13.0, CLIENT_ID=1c5e2675-d40f-4a44-aaf8-bb8cc42a6222}): failed to send request (io.netty.channel.StacklessClosedChannelException))
01:11:25.490 [ForkJoinPool-1-worker-3] INFO  com.ulashchick.podcast.common.persistance.CassandraClient - Executing: 
use podcast;

01:11:25.494 [s2-io-3] WARN  com.datastax.oss.driver.internal.core.session.PoolManager - [s2] Detected a keyspace change at runtime (&lt;none&gt; =&gt; podcast). This is an anti-pattern that should be avoided in production (see 'advanced.request.warn-if-set-keyspace' in the configuration).
01:11:25.503 [ForkJoinPool-1-worker-3] INFO  com.ulashchick.podcast.common.persistance.CassandraClient - Executing: 
create table if not exists users_by_email
(
    email      varchar primary key,
    id         timeuuid,
    firstName  varchar,
    lastName   varchar,
    imageUrl   varchar
);

01:11:26.535 [s1-admin-0] WARN  com.datastax.oss.driver.internal.core.pool.ChannelPool - [s1|localhost/127.0.0.1:49156]  Error while opening new channel (ConnectionInitException: [s1|connecting...] Protocol initialization request, step 1 (STARTUP {CQL_VERSION=3.0.0, DRIVER_NAME=DataStax Java driver for Apache Cassandra(R), DRIVER_VERSION=4.13.0, CLIENT_ID=d8ac2847-de73-46e6-9e45-52b73425e422}): failed to send request (io.netty.channel.StacklessClosedChannelException))
01:11:26.707 [ForkJoinPool-1-worker-3] INFO  com.ulashchick.podcast.common.persistance.CassandraClient - Executing: 
create table if not exists subscriptions_by_user
(
    userId timeuuid,
    feedId bigint,
    primary key ((userId), feedId)
);
01:11:27.922 [ForkJoinPool-1-worker-3] INFO  com.ulashchick.podcast.common.persistance.CassandraClient - Schema installed. Re-initializing cassandra session
01:11:27.922 [ForkJoinPool-1-worker-3] INFO  com.ulashchick.podcast.common.persistance.CassandraSession - Re-initializing session.
01:11:27.979 [s3-admin-0] INFO  com.datastax.oss.driver.internal.core.time.Clock - Using native clock for microsecond precision
01:11:28.349 [ForkJoinPool-1-worker-3] INFO  com.ulashchick.podcast.common.persistance.CassandraSession - Connected to Cassandra cluster [localhost/127.0.0.1:49157]
01:11:28.533 [pool-6-thread-1] ERROR com.ulashchick.podcast.auth.AuthInterceptor - Cannot authenticate user
com.auth0.jwt.exceptions.JWTVerificationException: Authorization token is missing
	at com.ulashchick.podcast.auth.AuthInterceptor.lambda$getAuthorizationHeader$0(AuthInterceptor.java:91) ~[main/:?]
	at java.util.Optional.orElseThrow(Optional.java:408) ~[?:?]
	at com.ulashchick.podcast.auth.AuthInterceptor.getAuthorizationHeader(AuthInterceptor.java:91) ~[main/:?]
	at com.ulashchick.podcast.auth.AuthInterceptor.interceptCall(AuthInterceptor.java:61) ~[main/:?]
	at io.grpc.ServerInterceptors$InterceptCallHandler.startCall(ServerInterceptors.java:244) ~[grpc-api-1.44.0.jar:1.44.0]
	at io.grpc.internal.ServerImpl$ServerTransportListenerImpl.startWrappedCall(ServerImpl.java:703) ~[grpc-core-1.44.0.jar:1.44.0]
	at io.grpc.internal.ServerImpl$ServerTransportListenerImpl.access$2200(ServerImpl.java:406) ~[grpc-core-1.44.0.jar:1.44.0]
	at io.grpc.internal.ServerImpl$ServerTransportListenerImpl$1HandleServerCall.runInternal(ServerImpl.java:615) ~[grpc-core-1.44.0.jar:1.44.0]
	at io.grpc.internal.ServerImpl$ServerTransportListenerImpl$1HandleServerCall.runInContext(ServerImpl.java:603) ~[grpc-core-1.44.0.jar:1.44.0]
	at io.grpc.internal.ContextRunnable.run(ContextRunnable.java:37) ~[grpc-core-1.44.0.jar:1.44.0]
	at io.grpc.internal.SerializingExecutor.run(SerializingExecutor.java:133) ~[grpc-core-1.44.0.jar:1.44.0]
	at java.util.concurrent.ThreadPoolExecutor.runWorker(ThreadPoolExecutor.java:1128) ~[?:?]
	at java.util.concurrent.ThreadPoolExecutor$Worker.run(ThreadPoolExecutor.java:628) ~[?:?]
	at com.ulashchick.podcast.ContextCopyingThreadFactory.lambda$copyContextToRunnable$0(ContextCopyingThreadFactory.java:27) ~[main/:?]
	at java.lang.Thread.run(Thread.java:829) [?:?]
01:11:28.902 [ForkJoinPool-1-worker-3] INFO  com.ulashchick.podcast.testing.TestListener - Test finished: SUCCESSFUL
</pre>
</span>
</div>
<div id="tab2" class="tab">
<h2>Standard error</h2>
<span class="code">
<pre>Feb 08, 2022 1:11:11 AM org.junit.platform.launcher.core.CompositeTestExecutionListener lambda$notifyEach$19
WARNING: TestExecutionListener [com.ulashchick.podcast.testing.TestListener] threw exception for method: executionFinished(TestIdentifier [uniqueId = [engine:junit-jupiter]/[class:com.ulashchick.podcast.grpc.AuthorizationTest]/[method:testGettingListOfSubscriptionsWhenAuthorized()], parentId = [engine:junit-jupiter]/[class:com.ulashchick.podcast.grpc.AuthorizationTest], displayName = 'testGettingListOfSubscriptionsWhenAuthorized()', legacyReportingName = 'testGettingListOfSubscriptionsWhenAuthorized()', source = MethodSource [className = 'com.ulashchick.podcast.grpc.AuthorizationTest', methodName = 'testGettingListOfSubscriptionsWhenAuthorized', methodParameterTypes = ''], tags = [], type = TEST], TestExecutionResult [status = SUCCESSFUL, throwable = null])
java.lang.NullPointerException
	at java.base/java.util.Objects.requireNonNull(Objects.java:221)
	at java.base/java.lang.String.join(String.java:2440)
	at com.ulashchick.podcast.testing.TestListener.executionFinished(TestListener.java:38)
	at org.junit.platform.launcher.core.CompositeTestExecutionListener.lambda$executionFinished$10(CompositeTestExecutionListener.java:69)
	at org.junit.platform.launcher.core.CompositeTestExecutionListener.lambda$notifyEach$19(CompositeTestExecutionListener.java:95)
	at java.base/java.util.ArrayList.forEach(ArrayList.java:1541)
	at org.junit.platform.launcher.core.CompositeTestExecutionListener.notifyEach(CompositeTestExecutionListener.java:93)
	at org.junit.platform.launcher.core.CompositeTestExecutionListener.executionFinished(CompositeTestExecutionListener.java:69)
	at org.junit.platform.launcher.core.ExecutionListenerAdapter.executionFinished(ExecutionListenerAdapter.java:56)
	at org.junit.platform.launcher.core.DelegatingEngineExecutionListener.executionFinished(DelegatingEngineExecutionListener.java:46)
	at org.junit.platform.launcher.core.OutcomeDelayingEngineExecutionListener.executionFinished(OutcomeDelayingEngineExecutionListener.java:63)
	at org.junit.platform.engine.support.hierarchical.NodeTestTask.reportCompletion(NodeTestTask.java:195)
	at org.junit.platform.engine.support.hierarchical.NodeTestTask.execute(NodeTestTask.java:100)
	at org.junit.platform.engine.support.hierarchical.ForkJoinPoolHierarchicalTestExecutorService$ExclusiveTask.compute(ForkJoinPoolHierarchicalTestExecutorService.java:185)
	at org.junit.platform.engine.support.hierarchical.ForkJoinPoolHierarchicalTestExecutorService.executeNonConcurrentTasks(ForkJoinPoolHierarchicalTestExecutorService.java:155)
	at org.junit.platform.engine.support.hierarchical.ForkJoinPoolHierarchicalTestExecutorService.invokeAll(ForkJoinPoolHierarchicalTestExecutorService.java:135)
	at org.junit.platform.engine.support.hierarchical.NodeTestTask.lambda$executeRecursively$6(NodeTestTask.java:155)
	at org.junit.platform.engine.support.hierarchical.ThrowableCollector.execute(ThrowableCollector.java:73)
	at org.junit.platform.engine.support.hierarchical.NodeTestTask.lambda$executeRecursively$8(NodeTestTask.java:141)
	at org.junit.platform.engine.support.hierarchical.Node.around(Node.java:137)
	at org.junit.platform.engine.support.hierarchical.NodeTestTask.lambda$executeRecursively$9(NodeTestTask.java:139)
	at org.junit.platform.engine.support.hierarchical.ThrowableCollector.execute(ThrowableCollector.java:73)
	at org.junit.platform.engine.support.hierarchical.NodeTestTask.executeRecursively(NodeTestTask.java:138)
	at org.junit.platform.engine.support.hierarchical.NodeTestTask.execute(NodeTestTask.java:95)
	at org.junit.platform.engine.support.hierarchical.ForkJoinPoolHierarchicalTestExecutorService$ExclusiveTask.compute(ForkJoinPoolHierarchicalTestExecutorService.java:185)
	at org.junit.platform.engine.support.hierarchical.ForkJoinPoolHierarchicalTestExecutorService.executeNonConcurrentTasks(ForkJoinPoolHierarchicalTestExecutorService.java:155)
	at org.junit.platform.engine.support.hierarchical.ForkJoinPoolHierarchicalTestExecutorService.invokeAll(ForkJoinPoolHierarchicalTestExecutorService.java:135)
	at org.junit.platform.engine.support.hierarchical.NodeTestTask.lambda$executeRecursively$6(NodeTestTask.java:155)
	at org.junit.platform.engine.support.hierarchical.ThrowableCollector.execute(ThrowableCollector.java:73)
	at org.junit.platform.engine.support.hierarchical.NodeTestTask.lambda$executeRecursively$8(NodeTestTask.java:141)
	at org.junit.platform.engine.support.hierarchical.Node.around(Node.java:137)
	at org.junit.platform.engine.support.hierarchical.NodeTestTask.lambda$executeRecursively$9(NodeTestTask.java:139)
	at org.junit.platform.engine.support.hierarchical.ThrowableCollector.execute(ThrowableCollector.java:73)
	at org.junit.platform.engine.support.hierarchical.NodeTestTask.executeRecursively(NodeTestTask.java:138)
	at org.junit.platform.engine.support.hierarchical.NodeTestTask.execute(NodeTestTask.java:95)
	at org.junit.platform.engine.support.hierarchical.ForkJoinPoolHierarchicalTestExecutorService$ExclusiveTask.compute(ForkJoinPoolHierarchicalTestExecutorService.java:185)
	at java.base/java.util.concurrent.RecursiveAction.exec(RecursiveAction.java:189)
	at java.base/java.util.concurrent.ForkJoinTask.doExec(ForkJoinTask.java:290)
	at java.base/java.util.concurrent.ForkJoinPool$WorkQueue.topLevelExec(ForkJoinPool.java:1020)
	at java.base/java.util.concurrent.ForkJoinPool.scan(ForkJoinPool.java:1656)
	at java.base/java.util.concurrent.ForkJoinPool.runWorker(ForkJoinPool.java:1594)
	at java.base/java.util.concurrent.ForkJoinWorkerThread.run(ForkJoinWorkerThread.java:183)

Feb 08, 2022 1:11:28 AM io.grpc.internal.ManagedChannelOrphanWrapper$ManagedChannelReference cleanQueue
SEVERE: *~*~*~ Channel ManagedChannelImpl{logId=2, target=directaddress:///66b61e17-ea04-40cf-890b-5c921038a6be} was not shutdown properly!!! ~*~*~*
    Make sure to call shutdown()/shutdownNow() and wait until awaitTermination() returns true.
java.lang.RuntimeException: ManagedChannel allocation site
	at io.grpc.internal.ManagedChannelOrphanWrapper$ManagedChannelReference.&lt;init&gt;(ManagedChannelOrphanWrapper.java:93)
	at io.grpc.internal.ManagedChannelOrphanWrapper.&lt;init&gt;(ManagedChannelOrphanWrapper.java:53)
	at io.grpc.internal.ManagedChannelOrphanWrapper.&lt;init&gt;(ManagedChannelOrphanWrapper.java:44)
	at io.grpc.internal.ManagedChannelImplBuilder.build(ManagedChannelImplBuilder.java:630)
	at io.grpc.internal.AbstractManagedChannelImplBuilder.build(AbstractManagedChannelImplBuilder.java:297)
	at com.ulashchick.podcast.grpc.AuthorizationTest.testGettingListOfSubscriptionsWhenAuthorized(AuthorizationTest.java:49)
	at java.base/jdk.internal.reflect.NativeMethodAccessorImpl.invoke0(Native Method)
	at java.base/jdk.internal.reflect.NativeMethodAccessorImpl.invoke(NativeMethodAccessorImpl.java:62)
	at java.base/jdk.internal.reflect.DelegatingMethodAccessorImpl.invoke(DelegatingMethodAccessorImpl.java:43)
	at java.base/java.lang.reflect.Method.invoke(Method.java:566)
	at org.junit.platform.commons.util.ReflectionUtils.invokeMethod(ReflectionUtils.java:725)
	at org.junit.jupiter.engine.execution.MethodInvocation.proceed(MethodInvocation.java:60)
	at org.junit.jupiter.engine.execution.InvocationInterceptorChain$ValidatingInvocation.proceed(InvocationInterceptorChain.java:131)
	at org.junit.jupiter.engine.extension.TimeoutExtension.intercept(TimeoutExtension.java:149)
	at org.junit.jupiter.engine.extension.TimeoutExtension.interceptTestableMethod(TimeoutExtension.java:140)
	at org.junit.jupiter.engine.extension.TimeoutExtension.interceptTestMethod(TimeoutExtension.java:84)
	at org.junit.jupiter.engine.execution.ExecutableInvoker$ReflectiveInterceptorCall.lambda$ofVoidMethod$0(ExecutableInvoker.java:115)
	at org.junit.jupiter.engine.execution.ExecutableInvoker.lambda$invoke$0(ExecutableInvoker.java:105)
	at org.junit.jupiter.engine.execution.InvocationInterceptorChain$InterceptedInvocation.proceed(InvocationInterceptorChain.java:106)
	at org.junit.jupiter.engine.execution.InvocationInterceptorChain.proceed(InvocationInterceptorChain.java:64)
	at org.junit.jupiter.engine.execution.InvocationInterceptorChain.chainAndInvoke(InvocationInterceptorChain.java:45)
	at org.junit.jupiter.engine.execution.InvocationInterceptorChain.invoke(InvocationInterceptorChain.java:37)
	at org.junit.jupiter.engine.execution.ExecutableInvoker.invoke(ExecutableInvoker.java:104)
	at org.junit.jupiter.engine.execution.ExecutableInvoker.invoke(ExecutableInvoker.java:98)
	at org.junit.jupiter.engine.descriptor.TestMethodTestDescriptor.lambda$invokeTestMethod$7(TestMethodTestDescriptor.java:214)
	at org.junit.platform.engine.support.hierarchical.ThrowableCollector.execute(ThrowableCollector.java:73)
	at org.junit.jupiter.engine.descriptor.TestMethodTestDescriptor.invokeTestMethod(TestMethodTestDescriptor.java:210)
	at org.junit.jupiter.engine.descriptor.TestMethodTestDescriptor.execute(TestMethodTestDescriptor.java:135)
	at org.junit.jupiter.engine.descriptor.TestMethodTestDescriptor.execute(TestMethodTestDescriptor.java:66)
	at org.junit.platform.engine.support.hierarchical.NodeTestTask.lambda$executeRecursively$6(NodeTestTask.java:151)
	at org.junit.platform.engine.support.hierarchical.ThrowableCollector.execute(ThrowableCollector.java:73)
	at org.junit.platform.engine.support.hierarchical.NodeTestTask.lambda$executeRecursively$8(NodeTestTask.java:141)
	at org.junit.platform.engine.support.hierarchical.Node.around(Node.java:137)
	at org.junit.platform.engine.support.hierarchical.NodeTestTask.lambda$executeRecursively$9(NodeTestTask.java:139)
	at org.junit.platform.engine.support.hierarchical.ThrowableCollector.execute(ThrowableCollector.java:73)
	at org.junit.platform.engine.support.hierarchical.NodeTestTask.executeRecursively(NodeTestTask.java:138)
	at org.junit.platform.engine.support.hierarchical.NodeTestTask.execute(NodeTestTask.java:95)
	at org.junit.platform.engine.support.hierarchical.ForkJoinPoolHierarchicalTestExecutorService$ExclusiveTask.compute(ForkJoinPoolHierarchicalTestExecutorService.java:185)
	at org.junit.platform.engine.support.hierarchical.ForkJoinPoolHierarchicalTestExecutorService.executeNonConcurrentTasks(ForkJoinPoolHierarchicalTestExecutorService.java:155)
	at org.junit.platform.engine.support.hierarchical.ForkJoinPoolHierarchicalTestExecutorService.invokeAll(ForkJoinPoolHierarchicalTestExecutorService.java:135)
	at org.junit.platform.engine.support.hierarchical.NodeTestTask.lambda$executeRecursively$6(NodeTestTask.java:155)
	at org.junit.platform.engine.support.hierarchical.ThrowableCollector.execute(ThrowableCollector.java:73)
	at org.junit.platform.engine.support.hierarchical.NodeTestTask.lambda$executeRecursively$8(NodeTestTask.java:141)
	at org.junit.platform.engine.support.hierarchical.Node.around(Node.java:137)
	at org.junit.platform.engine.support.hierarchical.NodeTestTask.lambda$executeRecursively$9(NodeTestTask.java:139)
	at org.junit.platform.engine.support.hierarchical.ThrowableCollector.execute(ThrowableCollector.java:73)
	at org.junit.platform.engine.support.hierarchical.NodeTestTask.executeRecursively(NodeTestTask.java:138)
	at org.junit.platform.engine.support.hierarchical.NodeTestTask.execute(NodeTestTask.java:95)
	at org.junit.platform.engine.support.hierarchical.ForkJoinPoolHierarchicalTestExecutorService$ExclusiveTask.compute(ForkJoinPoolHierarchicalTestExecutorService.java:185)
	at org.junit.platform.engine.support.hierarchical.ForkJoinPoolHierarchicalTestExecutorService.executeNonConcurrentTasks(ForkJoinPoolHierarchicalTestExecutorService.java:155)
	at org.junit.platform.engine.support.hierarchical.ForkJoinPoolHierarchicalTestExecutorService.invokeAll(ForkJoinPoolHierarchicalTestExecutorService.java:135)
	at org.junit.platform.engine.support.hierarchical.NodeTestTask.lambda$executeRecursively$6(NodeTestTask.java:155)
	at org.junit.platform.engine.support.hierarchical.ThrowableCollector.execute(ThrowableCollector.java:73)
	at org.junit.platform.engine.support.hierarchical.NodeTestTask.lambda$executeRecursively$8(NodeTestTask.java:141)
	at org.junit.platform.engine.support.hierarchical.Node.around(Node.java:137)
	at org.junit.platform.engine.support.hierarchical.NodeTestTask.lambda$executeRecursively$9(NodeTestTask.java:139)
	at org.junit.platform.engine.support.hierarchical.ThrowableCollector.execute(ThrowableCollector.java:73)
	at org.junit.platform.engine.support.hierarchical.NodeTestTask.executeRecursively(NodeTestTask.java:138)
	at org.junit.platform.engine.support.hierarchical.NodeTestTask.execute(NodeTestTask.java:95)
	at org.junit.platform.engine.support.hierarchical.ForkJoinPoolHierarchicalTestExecutorService$ExclusiveTask.compute(ForkJoinPoolHierarchicalTestExecutorService.java:185)
	at java.base/java.util.concurrent.RecursiveAction.exec(RecursiveAction.java:189)
	at java.base/java.util.concurrent.ForkJoinTask.doExec(ForkJoinTask.java:290)
	at java.base/java.util.concurrent.ForkJoinPool$WorkQueue.topLevelExec(ForkJoinPool.java:1020)
	at java.base/java.util.concurrent.ForkJoinPool.scan(ForkJoinPool.java:1656)
	at java.base/java.util.concurrent.ForkJoinPool.runWorker(ForkJoinPool.java:1594)
	at java.base/java.util.concurrent.ForkJoinWorkerThread.run(ForkJoinWorkerThread.java:183)

Feb 08, 2022 1:11:28 AM org.junit.platform.launcher.core.CompositeTestExecutionListener lambda$notifyEach$19
WARNING: TestExecutionListener [com.ulashchick.podcast.testing.TestListener] threw exception for method: executionFinished(TestIdentifier [uniqueId = [engine:junit-jupiter]/[class:com.ulashchick.podcast.grpc.AuthorizationTest]/[method:testPodcastServiceDoesNotWorkWithoutAuth()], parentId = [engine:junit-jupiter]/[class:com.ulashchick.podcast.grpc.AuthorizationTest], displayName = 'testPodcastServiceDoesNotWorkWithoutAuth()', legacyReportingName = 'testPodcastServiceDoesNotWorkWithoutAuth()', source = MethodSource [className = 'com.ulashchick.podcast.grpc.AuthorizationTest', methodName = 'testPodcastServiceDoesNotWorkWithoutAuth', methodParameterTypes = ''], tags = [], type = TEST], TestExecutionResult [status = SUCCESSFUL, throwable = null])
java.lang.NullPointerException
	at java.base/java.util.Objects.requireNonNull(Objects.java:221)
	at java.base/java.lang.String.join(String.java:2440)
	at com.ulashchick.podcast.testing.TestListener.executionFinished(TestListener.java:38)
	at org.junit.platform.launcher.core.CompositeTestExecutionListener.lambda$executionFinished$10(CompositeTestExecutionListener.java:69)
	at org.junit.platform.launcher.core.CompositeTestExecutionListener.lambda$notifyEach$19(CompositeTestExecutionListener.java:95)
	at java.base/java.util.ArrayList.forEach(ArrayList.java:1541)
	at org.junit.platform.launcher.core.CompositeTestExecutionListener.notifyEach(CompositeTestExecutionListener.java:93)
	at org.junit.platform.launcher.core.CompositeTestExecutionListener.executionFinished(CompositeTestExecutionListener.java:69)
	at org.junit.platform.launcher.core.ExecutionListenerAdapter.executionFinished(ExecutionListenerAdapter.java:56)
	at org.junit.platform.launcher.core.DelegatingEngineExecutionListener.executionFinished(DelegatingEngineExecutionListener.java:46)
	at org.junit.platform.launcher.core.OutcomeDelayingEngineExecutionListener.executionFinished(OutcomeDelayingEngineExecutionListener.java:63)
	at org.junit.platform.engine.support.hierarchical.NodeTestTask.reportCompletion(NodeTestTask.java:195)
	at org.junit.platform.engine.support.hierarchical.NodeTestTask.execute(NodeTestTask.java:100)
	at org.junit.platform.engine.support.hierarchical.ForkJoinPoolHierarchicalTestExecutorService$ExclusiveTask.compute(ForkJoinPoolHierarchicalTestExecutorService.java:185)
	at org.junit.platform.engine.support.hierarchical.ForkJoinPoolHierarchicalTestExecutorService.executeNonConcurrentTasks(ForkJoinPoolHierarchicalTestExecutorService.java:155)
	at org.junit.platform.engine.support.hierarchical.ForkJoinPoolHierarchicalTestExecutorService.invokeAll(ForkJoinPoolHierarchicalTestExecutorService.java:135)
	at org.junit.platform.engine.support.hierarchical.NodeTestTask.lambda$executeRecursively$6(NodeTestTask.java:155)
	at org.junit.platform.engine.support.hierarchical.ThrowableCollector.execute(ThrowableCollector.java:73)
	at org.junit.platform.engine.support.hierarchical.NodeTestTask.lambda$executeRecursively$8(NodeTestTask.java:141)
	at org.junit.platform.engine.support.hierarchical.Node.around(Node.java:137)
	at org.junit.platform.engine.support.hierarchical.NodeTestTask.lambda$executeRecursively$9(NodeTestTask.java:139)
	at org.junit.platform.engine.support.hierarchical.ThrowableCollector.execute(ThrowableCollector.java:73)
	at org.junit.platform.engine.support.hierarchical.NodeTestTask.executeRecursively(NodeTestTask.java:138)
	at org.junit.platform.engine.support.hierarchical.NodeTestTask.execute(NodeTestTask.java:95)
	at org.junit.platform.engine.support.hierarchical.ForkJoinPoolHierarchicalTestExecutorService$ExclusiveTask.compute(ForkJoinPoolHierarchicalTestExecutorService.java:185)
	at org.junit.platform.engine.support.hierarchical.ForkJoinPoolHierarchicalTestExecutorService.executeNonConcurrentTasks(ForkJoinPoolHierarchicalTestExecutorService.java:155)
	at org.junit.platform.engine.support.hierarchical.ForkJoinPoolHierarchicalTestExecutorService.invokeAll(ForkJoinPoolHierarchicalTestExecutorService.java:135)
	at org.junit.platform.engine.support.hierarchical.NodeTestTask.lambda$executeRecursively$6(NodeTestTask.java:155)
	at org.junit.platform.engine.support.hierarchical.ThrowableCollector.execute(ThrowableCollector.java:73)
	at org.junit.platform.engine.support.hierarchical.NodeTestTask.lambda$executeRecursively$8(NodeTestTask.java:141)
	at org.junit.platform.engine.support.hierarchical.Node.around(Node.java:137)
	at org.junit.platform.engine.support.hierarchical.NodeTestTask.lambda$executeRecursively$9(NodeTestTask.java:139)
	at org.junit.platform.engine.support.hierarchical.ThrowableCollector.execute(ThrowableCollector.java:73)
	at org.junit.platform.engine.support.hierarchical.NodeTestTask.executeRecursively(NodeTestTask.java:138)
	at org.junit.platform.engine.support.hierarchical.NodeTestTask.execute(NodeTestTask.java:95)
	at org.junit.platform.engine.support.hierarchical.ForkJoinPoolHierarchicalTestExecutorService$ExclusiveTask.compute(ForkJoinPoolHierarchicalTestExecutorService.java:185)
	at java.base/java.util.concurrent.RecursiveAction.exec(RecursiveAction.java:189)
	at java.base/java.util.concurrent.ForkJoinTask.doExec(ForkJoinTask.java:290)
	at java.base/java.util.concurrent.ForkJoinPool$WorkQueue.topLevelExec(ForkJoinPool.java:1020)
	at java.base/java.util.concurrent.ForkJoinPool.scan(ForkJoinPool.java:1656)
	at java.base/java.util.concurrent.ForkJoinPool.runWorker(ForkJoinPool.java:1594)
	at java.base/java.util.concurrent.ForkJoinWorkerThread.run(ForkJoinWorkerThread.java:183)

</pre>
</span>
</div>
</div>
<div id="footer">
<p>
<div>
<label class="hidden" id="label-for-line-wrapping-toggle" for="line-wrapping-toggle">Wrap lines
<input id="line-wrapping-toggle" type="checkbox" autocomplete="off"/>
</label>
</div>Generated by 
<a href="http://www.gradle.org">Gradle 7.2</a> at Feb 8, 2022, 1:11:51 AM</p>
</div>
</div>
</body>
</html>
